<?xml version="1.0" encoding="UTF-8"?>
<testsuite xmlns:xsi="http://www.w3.org/2001/XMLSchema-instance" xsi:noNamespaceSchemaLocation="https://maven.apache.org/surefire/maven-surefire-plugin/xsd/surefire-test-report.xsd" name="com.appiumdemo.MainTest" time="0.091" tests="2" errors="0" skipped="0" failures="0">
  <properties>
    <property name="java.specification.version" value="18"/>
    <property name="sun.jnu.encoding" value="UTF-8"/>
    <property name="java.class.path" value="/Users/vaidika.vadhvaniya/Documents/AppiumDemo/target/test-classes:/Users/vaidika.vadhvaniya/Documents/AppiumDemo/target/classes:/Users/vaidika.vadhvaniya/.m2/repository/junit/junit/4.11/junit-4.11.jar:/Users/vaidika.vadhvaniya/.m2/repository/org/hamcrest/hamcrest-core/1.3/hamcrest-core-1.3.jar:/Users/vaidika.vadhvaniya/.m2/repository/com/microsoft/appcenter/appium-test-extension/1.6/appium-test-extension-1.6.jar:/Users/vaidika.vadhvaniya/.m2/repository/io/appium/java-client/6.0.0/java-client-6.0.0.jar:/Users/vaidika.vadhvaniya/.m2/repository/org/seleniumhq/selenium/selenium-java/3.12.0/selenium-java-3.12.0.jar:/Users/vaidika.vadhvaniya/.m2/repository/org/seleniumhq/selenium/selenium-chrome-driver/3.12.0/selenium-chrome-driver-3.12.0.jar:/Users/vaidika.vadhvaniya/.m2/repository/org/seleniumhq/selenium/selenium-edge-driver/3.12.0/selenium-edge-driver-3.12.0.jar:/Users/vaidika.vadhvaniya/.m2/repository/org/seleniumhq/selenium/selenium-firefox-driver/3.12.0/selenium-firefox-driver-3.12.0.jar:/Users/vaidika.vadhvaniya/.m2/repository/org/seleniumhq/selenium/selenium-ie-driver/3.12.0/selenium-ie-driver-3.12.0.jar:/Users/vaidika.vadhvaniya/.m2/repository/org/seleniumhq/selenium/selenium-opera-driver/3.12.0/selenium-opera-driver-3.12.0.jar:/Users/vaidika.vadhvaniya/.m2/repository/org/seleniumhq/selenium/selenium-remote-driver/3.12.0/selenium-remote-driver-3.12.0.jar:/Users/vaidika.vadhvaniya/.m2/repository/org/seleniumhq/selenium/selenium-safari-driver/3.12.0/selenium-safari-driver-3.12.0.jar:/Users/vaidika.vadhvaniya/.m2/repository/net/bytebuddy/byte-buddy/1.8.3/byte-buddy-1.8.3.jar:/Users/vaidika.vadhvaniya/.m2/repository/org/apache/commons/commons-exec/1.3/commons-exec-1.3.jar:/Users/vaidika.vadhvaniya/.m2/repository/commons-codec/commons-codec/1.10/commons-codec-1.10.jar:/Users/vaidika.vadhvaniya/.m2/repository/commons-logging/commons-logging/1.2/commons-logging-1.2.jar:/Users/vaidika.vadhvaniya/.m2/repository/com/google/guava/guava/23.6-jre/guava-23.6-jre.jar:/Users/vaidika.vadhvaniya/.m2/repository/com/google/code/findbugs/jsr305/1.3.9/jsr305-1.3.9.jar:/Users/vaidika.vadhvaniya/.m2/repository/org/checkerframework/checker-compat-qual/2.0.0/checker-compat-qual-2.0.0.jar:/Users/vaidika.vadhvaniya/.m2/repository/com/google/errorprone/error_prone_annotations/2.1.3/error_prone_annotations-2.1.3.jar:/Users/vaidika.vadhvaniya/.m2/repository/com/google/j2objc/j2objc-annotations/1.1/j2objc-annotations-1.1.jar:/Users/vaidika.vadhvaniya/.m2/repository/org/codehaus/mojo/animal-sniffer-annotations/1.14/animal-sniffer-annotations-1.14.jar:/Users/vaidika.vadhvaniya/.m2/repository/org/apache/httpcomponents/httpcore/4.4.6/httpcore-4.4.6.jar:/Users/vaidika.vadhvaniya/.m2/repository/com/squareup/okhttp3/okhttp/3.9.1/okhttp-3.9.1.jar:/Users/vaidika.vadhvaniya/.m2/repository/com/squareup/okio/okio/1.13.0/okio-1.13.0.jar:/Users/vaidika.vadhvaniya/.m2/repository/org/seleniumhq/selenium/selenium-support/3.12.0/selenium-support-3.12.0.jar:/Users/vaidika.vadhvaniya/.m2/repository/org/seleniumhq/selenium/selenium-api/3.12.0/selenium-api-3.12.0.jar:/Users/vaidika.vadhvaniya/.m2/repository/com/google/code/gson/gson/2.8.4/gson-2.8.4.jar:/Users/vaidika.vadhvaniya/.m2/repository/org/apache/httpcomponents/httpclient/4.5.5/httpclient-4.5.5.jar:/Users/vaidika.vadhvaniya/.m2/repository/cglib/cglib/3.2.6/cglib-3.2.6.jar:/Users/vaidika.vadhvaniya/.m2/repository/org/ow2/asm/asm/6.0/asm-6.0.jar:/Users/vaidika.vadhvaniya/.m2/repository/org/apache/ant/ant/1.9.6/ant-1.9.6.jar:/Users/vaidika.vadhvaniya/.m2/repository/org/apache/ant/ant-launcher/1.9.6/ant-launcher-1.9.6.jar:/Users/vaidika.vadhvaniya/.m2/repository/commons-validator/commons-validator/1.6/commons-validator-1.6.jar:/Users/vaidika.vadhvaniya/.m2/repository/commons-beanutils/commons-beanutils/1.9.2/commons-beanutils-1.9.2.jar:/Users/vaidika.vadhvaniya/.m2/repository/commons-digester/commons-digester/1.8.1/commons-digester-1.8.1.jar:/Users/vaidika.vadhvaniya/.m2/repository/commons-collections/commons-collections/3.2.2/commons-collections-3.2.2.jar:/Users/vaidika.vadhvaniya/.m2/repository/org/apache/commons/commons-lang3/3.7/commons-lang3-3.7.jar:/Users/vaidika.vadhvaniya/.m2/repository/commons-io/commons-io/2.6/commons-io-2.6.jar:/Users/vaidika.vadhvaniya/.m2/repository/org/springframework/spring-context/5.0.5.RELEASE/spring-context-5.0.5.RELEASE.jar:/Users/vaidika.vadhvaniya/.m2/repository/org/springframework/spring-aop/5.0.5.RELEASE/spring-aop-5.0.5.RELEASE.jar:/Users/vaidika.vadhvaniya/.m2/repository/org/springframework/spring-beans/5.0.5.RELEASE/spring-beans-5.0.5.RELEASE.jar:/Users/vaidika.vadhvaniya/.m2/repository/org/springframework/spring-core/5.0.5.RELEASE/spring-core-5.0.5.RELEASE.jar:/Users/vaidika.vadhvaniya/.m2/repository/org/springframework/spring-jcl/5.0.5.RELEASE/spring-jcl-5.0.5.RELEASE.jar:/Users/vaidika.vadhvaniya/.m2/repository/org/springframework/spring-expression/5.0.5.RELEASE/spring-expression-5.0.5.RELEASE.jar:/Users/vaidika.vadhvaniya/.m2/repository/org/aspectj/aspectjweaver/1.9.1/aspectjweaver-1.9.1.jar:/Users/vaidika.vadhvaniya/.m2/repository/org/openpnp/opencv/3.2.0-1/opencv-3.2.0-1.jar:/Users/vaidika.vadhvaniya/.m2/repository/javax/websocket/javax.websocket-api/1.1/javax.websocket-api-1.1.jar:/Users/vaidika.vadhvaniya/.m2/repository/org/glassfish/tyrus/tyrus-client/1.13.1/tyrus-client-1.13.1.jar:/Users/vaidika.vadhvaniya/.m2/repository/org/glassfish/tyrus/tyrus-core/1.13.1/tyrus-core-1.13.1.jar:/Users/vaidika.vadhvaniya/.m2/repository/org/glassfish/tyrus/tyrus-spi/1.13.1/tyrus-spi-1.13.1.jar:/Users/vaidika.vadhvaniya/.m2/repository/org/glassfish/tyrus/tyrus-container-grizzly/1.2.1/tyrus-container-grizzly-1.2.1.jar:/Users/vaidika.vadhvaniya/.m2/repository/org/glassfish/grizzly/grizzly-framework/2.3.3/grizzly-framework-2.3.3.jar:/Users/vaidika.vadhvaniya/.m2/repository/org/glassfish/grizzly/grizzly-http-server/2.3.3/grizzly-http-server-2.3.3.jar:/Users/vaidika.vadhvaniya/.m2/repository/org/glassfish/grizzly/grizzly-http/2.3.3/grizzly-http-2.3.3.jar:/Users/vaidika.vadhvaniya/.m2/repository/org/glassfish/grizzly/grizzly-rcm/2.3.3/grizzly-rcm-2.3.3.jar:/Users/vaidika.vadhvaniya/.m2/repository/net/sourceforge/streamsupport/streamsupport/1.5.1/streamsupport-1.5.1.jar:/Users/vaidika.vadhvaniya/.m2/repository/org/javassist/javassist/3.20.0-GA/javassist-3.20.0-GA.jar:"/>
    <property name="java.vm.vendor" value="Oracle Corporation"/>
    <property name="sun.arch.data.model" value="64"/>
    <property name="java.vendor.url" value="https://java.oracle.com/"/>
    <property name="os.name" value="Mac OS X"/>
    <property name="java.vm.specification.version" value="18"/>
    <property name="sun.java.launcher" value="SUN_STANDARD"/>
    <property name="user.country" value="IN"/>
    <property name="sun.boot.library.path" value="/Library/Java/JavaVirtualMachines/jdk-18.0.1.1.jdk/Contents/Home/lib"/>
    <property name="sun.java.command" value="/Users/vaidika.vadhvaniya/Documents/AppiumDemo/target/surefire/surefirebooter5899746597281204184.jar /Users/vaidika.vadhvaniya/Documents/AppiumDemo/target/surefire 2022-06-08T15-27-11_114-jvmRun1 surefire5986629968839164720tmp surefire_09679519743306889752tmp"/>
    <property name="http.nonProxyHosts" value="local|*.local|169.254/16|*.169.254/16"/>
    <property name="jdk.debug" value="release"/>
    <property name="surefire.test.class.path" value="/Users/vaidika.vadhvaniya/Documents/AppiumDemo/target/test-classes:/Users/vaidika.vadhvaniya/Documents/AppiumDemo/target/classes:/Users/vaidika.vadhvaniya/.m2/repository/junit/junit/4.11/junit-4.11.jar:/Users/vaidika.vadhvaniya/.m2/repository/org/hamcrest/hamcrest-core/1.3/hamcrest-core-1.3.jar:/Users/vaidika.vadhvaniya/.m2/repository/com/microsoft/appcenter/appium-test-extension/1.6/appium-test-extension-1.6.jar:/Users/vaidika.vadhvaniya/.m2/repository/io/appium/java-client/6.0.0/java-client-6.0.0.jar:/Users/vaidika.vadhvaniya/.m2/repository/org/seleniumhq/selenium/selenium-java/3.12.0/selenium-java-3.12.0.jar:/Users/vaidika.vadhvaniya/.m2/repository/org/seleniumhq/selenium/selenium-chrome-driver/3.12.0/selenium-chrome-driver-3.12.0.jar:/Users/vaidika.vadhvaniya/.m2/repository/org/seleniumhq/selenium/selenium-edge-driver/3.12.0/selenium-edge-driver-3.12.0.jar:/Users/vaidika.vadhvaniya/.m2/repository/org/seleniumhq/selenium/selenium-firefox-driver/3.12.0/selenium-firefox-driver-3.12.0.jar:/Users/vaidika.vadhvaniya/.m2/repository/org/seleniumhq/selenium/selenium-ie-driver/3.12.0/selenium-ie-driver-3.12.0.jar:/Users/vaidika.vadhvaniya/.m2/repository/org/seleniumhq/selenium/selenium-opera-driver/3.12.0/selenium-opera-driver-3.12.0.jar:/Users/vaidika.vadhvaniya/.m2/repository/org/seleniumhq/selenium/selenium-remote-driver/3.12.0/selenium-remote-driver-3.12.0.jar:/Users/vaidika.vadhvaniya/.m2/repository/org/seleniumhq/selenium/selenium-safari-driver/3.12.0/selenium-safari-driver-3.12.0.jar:/Users/vaidika.vadhvaniya/.m2/repository/net/bytebuddy/byte-buddy/1.8.3/byte-buddy-1.8.3.jar:/Users/vaidika.vadhvaniya/.m2/repository/org/apache/commons/commons-exec/1.3/commons-exec-1.3.jar:/Users/vaidika.vadhvaniya/.m2/repository/commons-codec/commons-codec/1.10/commons-codec-1.10.jar:/Users/vaidika.vadhvaniya/.m2/repository/commons-logging/commons-logging/1.2/commons-logging-1.2.jar:/Users/vaidika.vadhvaniya/.m2/repository/com/google/guava/guava/23.6-jre/guava-23.6-jre.jar:/Users/vaidika.vadhvaniya/.m2/repository/com/google/code/findbugs/jsr305/1.3.9/jsr305-1.3.9.jar:/Users/vaidika.vadhvaniya/.m2/repository/org/checkerframework/checker-compat-qual/2.0.0/checker-compat-qual-2.0.0.jar:/Users/vaidika.vadhvaniya/.m2/repository/com/google/errorprone/error_prone_annotations/2.1.3/error_prone_annotations-2.1.3.jar:/Users/vaidika.vadhvaniya/.m2/repository/com/google/j2objc/j2objc-annotations/1.1/j2objc-annotations-1.1.jar:/Users/vaidika.vadhvaniya/.m2/repository/org/codehaus/mojo/animal-sniffer-annotations/1.14/animal-sniffer-annotations-1.14.jar:/Users/vaidika.vadhvaniya/.m2/repository/org/apache/httpcomponents/httpcore/4.4.6/httpcore-4.4.6.jar:/Users/vaidika.vadhvaniya/.m2/repository/com/squareup/okhttp3/okhttp/3.9.1/okhttp-3.9.1.jar:/Users/vaidika.vadhvaniya/.m2/repository/com/squareup/okio/okio/1.13.0/okio-1.13.0.jar:/Users/vaidika.vadhvaniya/.m2/repository/org/seleniumhq/selenium/selenium-support/3.12.0/selenium-support-3.12.0.jar:/Users/vaidika.vadhvaniya/.m2/repository/org/seleniumhq/selenium/selenium-api/3.12.0/selenium-api-3.12.0.jar:/Users/vaidika.vadhvaniya/.m2/repository/com/google/code/gson/gson/2.8.4/gson-2.8.4.jar:/Users/vaidika.vadhvaniya/.m2/repository/org/apache/httpcomponents/httpclient/4.5.5/httpclient-4.5.5.jar:/Users/vaidika.vadhvaniya/.m2/repository/cglib/cglib/3.2.6/cglib-3.2.6.jar:/Users/vaidika.vadhvaniya/.m2/repository/org/ow2/asm/asm/6.0/asm-6.0.jar:/Users/vaidika.vadhvaniya/.m2/repository/org/apache/ant/ant/1.9.6/ant-1.9.6.jar:/Users/vaidika.vadhvaniya/.m2/repository/org/apache/ant/ant-launcher/1.9.6/ant-launcher-1.9.6.jar:/Users/vaidika.vadhvaniya/.m2/repository/commons-validator/commons-validator/1.6/commons-validator-1.6.jar:/Users/vaidika.vadhvaniya/.m2/repository/commons-beanutils/commons-beanutils/1.9.2/commons-beanutils-1.9.2.jar:/Users/vaidika.vadhvaniya/.m2/repository/commons-digester/commons-digester/1.8.1/commons-digester-1.8.1.jar:/Users/vaidika.vadhvaniya/.m2/repository/commons-collections/commons-collections/3.2.2/commons-collections-3.2.2.jar:/Users/vaidika.vadhvaniya/.m2/repository/org/apache/commons/commons-lang3/3.7/commons-lang3-3.7.jar:/Users/vaidika.vadhvaniya/.m2/repository/commons-io/commons-io/2.6/commons-io-2.6.jar:/Users/vaidika.vadhvaniya/.m2/repository/org/springframework/spring-context/5.0.5.RELEASE/spring-context-5.0.5.RELEASE.jar:/Users/vaidika.vadhvaniya/.m2/repository/org/springframework/spring-aop/5.0.5.RELEASE/spring-aop-5.0.5.RELEASE.jar:/Users/vaidika.vadhvaniya/.m2/repository/org/springframework/spring-beans/5.0.5.RELEASE/spring-beans-5.0.5.RELEASE.jar:/Users/vaidika.vadhvaniya/.m2/repository/org/springframework/spring-core/5.0.5.RELEASE/spring-core-5.0.5.RELEASE.jar:/Users/vaidika.vadhvaniya/.m2/repository/org/springframework/spring-jcl/5.0.5.RELEASE/spring-jcl-5.0.5.RELEASE.jar:/Users/vaidika.vadhvaniya/.m2/repository/org/springframework/spring-expression/5.0.5.RELEASE/spring-expression-5.0.5.RELEASE.jar:/Users/vaidika.vadhvaniya/.m2/repository/org/aspectj/aspectjweaver/1.9.1/aspectjweaver-1.9.1.jar:/Users/vaidika.vadhvaniya/.m2/repository/org/openpnp/opencv/3.2.0-1/opencv-3.2.0-1.jar:/Users/vaidika.vadhvaniya/.m2/repository/javax/websocket/javax.websocket-api/1.1/javax.websocket-api-1.1.jar:/Users/vaidika.vadhvaniya/.m2/repository/org/glassfish/tyrus/tyrus-client/1.13.1/tyrus-client-1.13.1.jar:/Users/vaidika.vadhvaniya/.m2/repository/org/glassfish/tyrus/tyrus-core/1.13.1/tyrus-core-1.13.1.jar:/Users/vaidika.vadhvaniya/.m2/repository/org/glassfish/tyrus/tyrus-spi/1.13.1/tyrus-spi-1.13.1.jar:/Users/vaidika.vadhvaniya/.m2/repository/org/glassfish/tyrus/tyrus-container-grizzly/1.2.1/tyrus-container-grizzly-1.2.1.jar:/Users/vaidika.vadhvaniya/.m2/repository/org/glassfish/grizzly/grizzly-framework/2.3.3/grizzly-framework-2.3.3.jar:/Users/vaidika.vadhvaniya/.m2/repository/org/glassfish/grizzly/grizzly-http-server/2.3.3/grizzly-http-server-2.3.3.jar:/Users/vaidika.vadhvaniya/.m2/repository/org/glassfish/grizzly/grizzly-http/2.3.3/grizzly-http-2.3.3.jar:/Users/vaidika.vadhvaniya/.m2/repository/org/glassfish/grizzly/grizzly-rcm/2.3.3/grizzly-rcm-2.3.3.jar:/Users/vaidika.vadhvaniya/.m2/repository/net/sourceforge/streamsupport/streamsupport/1.5.1/streamsupport-1.5.1.jar:/Users/vaidika.vadhvaniya/.m2/repository/org/javassist/javassist/3.20.0-GA/javassist-3.20.0-GA.jar:"/>
    <property name="sun.cpu.endian" value="little"/>
    <property name="user.home" value="/Users/vaidika.vadhvaniya"/>
    <property name="user.language" value="en"/>
    <property name="java.specification.vendor" value="Oracle Corporation"/>
    <property name="java.version.date" value="2022-04-22"/>
    <property name="java.home" value="/Library/Java/JavaVirtualMachines/jdk-18.0.1.1.jdk/Contents/Home"/>
    <property name="file.separator" value="/"/>
    <property name="basedir" value="/Users/vaidika.vadhvaniya/Documents/AppiumDemo"/>
    <property name="java.vm.compressedOopsMode" value="Zero based"/>
    <property name="line.separator" value="&#10;"/>
    <property name="java.specification.name" value="Java Platform API Specification"/>
    <property name="java.vm.specification.vendor" value="Oracle Corporation"/>
    <property name="apple.awt.application.name" value="ForkedBooter"/>
    <property name="surefire.real.class.path" value="/Users/vaidika.vadhvaniya/Documents/AppiumDemo/target/surefire/surefirebooter5899746597281204184.jar"/>
    <property name="sun.management.compiler" value="HotSpot 64-Bit Tiered Compilers"/>
    <property name="ftp.nonProxyHosts" value="local|*.local|169.254/16|*.169.254/16"/>
    <property name="java.runtime.version" value="18.0.1.1+2-6"/>
    <property name="user.name" value="vaidika.vadhvaniya"/>
    <property name="path.separator" value=":"/>
    <property name="os.version" value="12.3.1"/>
    <property name="java.runtime.name" value="Java(TM) SE Runtime Environment"/>
    <property name="file.encoding" value="UTF-8"/>
    <property name="java.vm.name" value="Java HotSpot(TM) 64-Bit Server VM"/>
    <property name="localRepository" value="/Users/vaidika.vadhvaniya/.m2/repository"/>
    <property name="java.vendor.url.bug" value="https://bugreport.java.com/bugreport/"/>
    <property name="java.io.tmpdir" value="/var/folders/0d/qt8_frv57nq2k51tm81vvzc01pz919/T/"/>
    <property name="java.version" value="18.0.1.1"/>
    <property name="user.dir" value="/Users/vaidika.vadhvaniya/Documents/AppiumDemo"/>
    <property name="os.arch" value="x86_64"/>
    <property name="java.vm.specification.name" value="Java Virtual Machine Specification"/>
    <property name="native.encoding" value="UTF-8"/>
    <property name="java.library.path" value="/Users/vaidika.vadhvaniya/Library/Java/Extensions:/Library/Java/Extensions:/Network/Library/Java/Extensions:/System/Library/Java/Extensions:/usr/lib/java:."/>
    <property name="java.vm.info" value="mixed mode, sharing"/>
    <property name="java.vendor" value="Oracle Corporation"/>
    <property name="java.vm.version" value="18.0.1.1+2-6"/>
    <property name="sun.io.unicode.encoding" value="UnicodeBig"/>
    <property name="socksNonProxyHosts" value="local|*.local|169.254/16|*.169.254/16"/>
    <property name="java.class.version" value="62.0"/>
  </properties>
  <testcase name="myTest" classname="com.appiumdemo.MainTest" time="0.032"/>
  <testcase name="appTest" classname="com.appiumdemo.MainTest" time="0.001"/>
</testsuite>